2026-02-01T08:26:000.754Z,0.466969,Logger,INFO Logger initialized
2026-02-01T08:26:070.241Z,6.953880,Outgoing:EquipItemHandle,INFO Instance: EquipItemHandle (RemoteEvent)
	Path: game:GetService("ReplicatedStorage").RemoteEvents.EquipItemHandle
	Call Order In Log: 1
	-------------------- Event Data --------------------
	{
    CallOrderInLog = 1,
    DataFromHook = {
        Function = function(arg1, ...)
            -- Name: FireOtherClients | Line: 89
            -- Upvalues: 0
            -- Function Hash: 2e33b996824b2fa3923c77a5e8d7e0ce572468b10fcae6dbdd067adefca34b8ccf4a463fada516b603dab7564d4427c8
            -- LuaEncode: Unable to serialize function
            return
        end,
        Arguments = {
            "FireAllClients",
            game:GetService("Players").LocalPlayer.Inventory["Strong Axe"],
            n = 2
        },
        Source = "Players.iguddujfkg.PlayerScripts.Client.UtilityModules.Events",
        Origin = game:GetService("Players").LocalPlayer.PlayerScripts.LoadClient,
        IsExecutor = false,
        CreationTime = 1769959567.2338,
        Line = 91
    },
    EventType = "Outgoing",
    RemoteInstanceInfo = {
        Path = "game:GetService(\"ReplicatedStorage\").RemoteEvents.EquipItemHandle",
        Name = "EquipItemHandle",
        ClassName = "RemoteEvent"
    }
}
	-------------------- Generated Code --------------------
	-- This code was generated by Cobalt
-- https://github.com/notpoiu/cobalt

local Event = game:GetService("ReplicatedStorage").RemoteEvents.EquipItemHandle
Event:FireServer(
    "FireAllClients",
    game:GetService("Players").LocalPlayer.Inventory["Strong Axe"]
)
2026-02-01T08:26:090.824Z,9.537696,Incoming:SetPopUpMessage,INFO Instance: SetPopUpMessage (RemoteEvent)
	Path: game:GetService("ReplicatedStorage").RemoteEvents.SetPopUpMessage
	Call Order In Log: 1
	-------------------- Event Data --------------------
	{
    CallOrderInLog = 1,
    DataFromHook = {
        Function = function(...)
            -- Name: Anonymous Function | Line: 43
            -- Upvalues: 1
            -- Function Hash: b59863074110ef6cd2de5475fedf7c990f74608bb25511ed9dd4242b01c20b1d66d38346deaa396d7bd4df562a909adc
            -- LuaEncode: Unable to serialize function
            return
        end,
        Arguments = {
            "you're starving!!",
            "warning",
            n = 2
        },
        Origin = game:GetService("Players").LocalPlayer.PlayerScripts.Client.UtilityModules.Events,
        IsExecutor = false,
        CreationTime = 1769959569.8182
    },
    EventType = "Incoming",
    RemoteInstanceInfo = {
        Path = "game:GetService(\"ReplicatedStorage\").RemoteEvents.SetPopUpMessage",
        Name = "SetPopUpMessage",
        ClassName = "RemoteEvent"
    }
}
	-------------------- Generated Code --------------------
	-- This code was generated by Cobalt
-- https://github.com/notpoiu/cobalt

local Event = game:GetService("ReplicatedStorage").RemoteEvents.SetPopUpMessage
firesignal(Event.OnClientEvent, 
    "you're starving!!",
    "warning"
)
2026-02-01T08:26:100.535Z,10.248261,Outgoing:PlayEnemyHitSound,INFO Instance: PlayEnemyHitSound (RemoteEvent)
	Path: game:GetService("ReplicatedStorage").RemoteEvents.PlayEnemyHitSound
	Call Order In Log: 1
	-------------------- Event Data --------------------
	{
    CallOrderInLog = 1,
    DataFromHook = {
        Function = function(arg1, ...)
            -- Name: FireAllClients | Line: 97
            -- Upvalues: 1
            -- Function Hash: f19ad1fd75b8e83da90012e26252d020d7fbc9767d26e895a9c605c57c35b8fdd14a730ce0adf6fcd7998351b58a1fea
            -- LuaEncode: Unable to serialize function
            return
        end,
        Arguments = {
            "FireAllClients",
            workspace.Items["Snow Chest1"].IceBlock,
            game:GetService("Players").LocalPlayer.Inventory["Strong Axe"],
            n = 3
        },
        Source = "Players.iguddujfkg.PlayerScripts.Client.UtilityModules.Events",
        Origin = game:GetService("Players").LocalPlayer.PlayerScripts.Client.InteractionHandler,
        IsExecutor = false,
        CreationTime = 1769959570.5243,
        Line = 101
    },
    EventType = "Outgoing",
    RemoteInstanceInfo = {
        Path = "game:GetService(\"ReplicatedStorage\").RemoteEvents.PlayEnemyHitSound",
        Name = "PlayEnemyHitSound",
        ClassName = "RemoteEvent"
    }
}
	-------------------- Generated Code --------------------
	-- This code was generated by Cobalt
-- https://github.com/notpoiu/cobalt

local Event = game:GetService("ReplicatedStorage").RemoteEvents.PlayEnemyHitSound
Event:FireServer(
    "FireAllClients",
    workspace.Items["Snow Chest1"].IceBlock,
    game:GetService("Players").LocalPlayer.Inventory["Strong Axe"]
)
2026-02-01T08:26:100.548Z,10.260872,Outgoing:ToolDamageObject,INFO Instance: ToolDamageObject (RemoteFunction)
	Path: game:GetService("ReplicatedStorage").RemoteEvents.ToolDamageObject
	Call Order In Log: 1
	-------------------- Event Data --------------------
	{
    CallOrderInLog = 1,
    DataFromHook = {
        Function = function(arg1, ...)
            -- Name: InvokeServer | Line: 81
            -- Upvalues: 0
            -- Function Hash: 28ccf5f06f59ba459c891ec5d49a7d4cdac18016b0ffaab2d94d092be58c8608b94406d41acb4a0f1e738db424534b8b
            -- LuaEncode: Unable to serialize function
            return
        end,
        Arguments = {
            workspace.Items["Snow Chest1"].IceBlock,
            game:GetService("Players").LocalPlayer.Inventory["Strong Axe"],
            "1_10230880383",
            CFrame.new(-681.93365478516, 2.3168423175812, -33.340572357178, -0.48413947224617, 7.2980320453553e-08, 0.8749908208847, 4.7985853512955e-08, 1, -5.6855995467231e-08, -0.8749908208847, 1.4460950659156e-08, -0.48413947224617),
            n = 4
        },
        Source = "Players.iguddujfkg.PlayerScripts.Client.UtilityModules.Events",
        Origin = game:GetService("Players").LocalPlayer.PlayerScripts.Client.InteractionHandler,
        IsExecutor = false,
        CreationTime = 1769959570.5253,
        Line = 83
    },
    EventType = "Outgoing",
    RemoteInstanceInfo = {
        Path = "game:GetService(\"ReplicatedStorage\").RemoteEvents.ToolDamageObject",
        Name = "ToolDamageObject",
        ClassName = "RemoteFunction"
    }
}
	-------------------- Generated Code --------------------
	-- This code was generated by Cobalt
-- https://github.com/notpoiu/cobalt

local Event = game:GetService("ReplicatedStorage").RemoteEvents.ToolDamageObject
Event:InvokeServer(
    workspace.Items["Snow Chest1"].IceBlock,
    game:GetService("Players").LocalPlayer.Inventory["Strong Axe"],
    "1_10230880383",
    CFrame.new(-681.93365478516, 2.3168423175812, -33.340572357178, -0.48413947224617, 7.2980320453553e-08, 0.8749908208847, 4.7985853512955e-08, 1, -5.6855995467231e-08, -0.8749908208847, 1.4460950659156e-08, -0.48413947224617)
)
2026-02-01T08:26:100.558Z,10.271207,Outgoing:RequestReplicateSound,INFO Instance: RequestReplicateSound (RemoteEvent)
	Path: game:GetService("ReplicatedStorage").RemoteEvents.RequestReplicateSound
	Call Order In Log: 1
	-------------------- Event Data --------------------
	{
    CallOrderInLog = 1,
    DataFromHook = {
        Function = function(arg1, ...)
            -- Name: FireOtherClients | Line: 89
            -- Upvalues: 0
            -- Function Hash: 2e33b996824b2fa3923c77a5e8d7e0ce572468b10fcae6dbdd067adefca34b8ccf4a463fada516b603dab7564d4427c8
            -- LuaEncode: Unable to serialize function
            return
        end,
        Arguments = {
            "FireAllClients",
            "IceHit",
            {
                Instance = game:GetService("Players").LocalPlayer.Character.Head,
                Volume = 0.4
            },
            n = 3
        },
        Source = "Players.iguddujfkg.PlayerScripts.Client.UtilityModules.Events",
        Origin = game:GetService("Players").LocalPlayer.PlayerScripts.Client.InteractionHandler,
        IsExecutor = false,
        CreationTime = 1769959570.5256,
        Line = 91
    },
    EventType = "Outgoing",
    RemoteInstanceInfo = {
        Path = "game:GetService(\"ReplicatedStorage\").RemoteEvents.RequestReplicateSound",
        Name = "RequestReplicateSound",
        ClassName = "RemoteEvent"
    }
}
	-------------------- Generated Code --------------------
	-- This code was generated by Cobalt
-- https://github.com/notpoiu/cobalt

local Event = game:GetService("ReplicatedStorage").RemoteEvents.RequestReplicateSound
Event:FireServer(
    "FireAllClients",
    "IceHit",
    {
        Instance = game:GetService("Players").LocalPlayer.Character.Head,
        Volume = 0.4
    }
)
2026-02-01T08:26:100.661Z,10.374590,Incoming:ToolDamageObject,INFO Instance: ToolDamageObject (RemoteFunction)
	Path: game:GetService("ReplicatedStorage").RemoteEvents.ToolDamageObject
	Call Order In Log: 1
	-------------------- Event Data --------------------
	{
    CallOrderInLog = 1,
    DataFromHook = {
        Function = function(arg1, ...)
            -- Name: InvokeServer | Line: 81
            -- Upvalues: 0
            -- Function Hash: 28ccf5f06f59ba459c891ec5d49a7d4cdac18016b0ffaab2d94d092be58c8608b94406d41acb4a0f1e738db424534b8b
            -- LuaEncode: Unable to serialize function
            return
        end,
        Arguments = {
            {
                Success = true
            },
            n = 1
        },
        Source = "Players.iguddujfkg.PlayerScripts.Client.UtilityModules.Events",
        Origin = game:GetService("Players").LocalPlayer.PlayerScripts.Client.InteractionHandler,
        IsExecutor = false,
        CreationTime = 1769959570.6487,
        OriginalInvokeArgs = {
            workspace.Items["Snow Chest1"].IceBlock,
            game:GetService("Players").LocalPlayer.Inventory["Strong Axe"],
            "1_10230880383",
            CFrame.new(-681.93365478516, 2.3168423175812, -33.340572357178, -0.48413947224617, 7.2980320453553e-08, 0.8749908208847, 4.7985853512955e-08, 1, -5.6855995467231e-08, -0.8749908208847, 1.4460950659156e-08, -0.48413947224617),
            n = 4
        },
        Line = 83
    },
    EventType = "Incoming",
    RemoteInstanceInfo = {
        Path = "game:GetService(\"ReplicatedStorage\").RemoteEvents.ToolDamageObject",
        Name = "ToolDamageObject",
        ClassName = "RemoteFunction"
    }
}
	-------------------- Generated Code --------------------
	-- This code was generated by Cobalt
-- https://github.com/notpoiu/cobalt

local Event = game:GetService("ReplicatedStorage").RemoteEvents.ToolDamageObject
local Result = Event:InvokeServer(
    workspace.Items["Snow Chest1"].IceBlock,
    game:GetService("Players").LocalPlayer.Inventory["Strong Axe"],
    "1_10230880383",
    CFrame.new(-681.93365478516, 2.3168423175812, -33.340572357178, -0.48413947224617, 7.2980320453553e-08, 0.8749908208847, 4.7985853512955e-08, 1, -5.6855995467231e-08, -0.8749908208847, 1.4460950659156e-08, -0.48413947224617)
)

local ExpectedResult = table.unpack({
    {
        Success = true
    }
})


2026-02-01T08:26:100.672Z,10.385137,Outgoing:ReplicateFrozenParticles,INFO Instance: ReplicateFrozenParticles (RemoteEvent)
	Path: game:GetService("ReplicatedStorage").RemoteEvents.ReplicateFrozenParticles
	Call Order In Log: 1
	-------------------- Event Data --------------------
	{
    CallOrderInLog = 1,
    DataFromHook = {
        Function = function(arg1, ...)
            -- Name: FireServer | Line: 73
            -- Upvalues: 0
            -- Function Hash: 1b2d4949afd8b607ac99af47c0cdec21e269b700bc232c79b3f29be40caf0ed317939211a160381d98d50756ad4d9a57
            -- LuaEncode: Unable to serialize function
            return
        end,
        Arguments = {
            false,
            n = 1
        },
        Source = "Players.iguddujfkg.PlayerScripts.Client.UtilityModules.Events",
        Origin = game:GetService("Players").LocalPlayer.PlayerScripts.LoadClient,
        IsExecutor = false,
        CreationTime = 1769959570.6503,
        Line = 75
    },
    EventType = "Outgoing",
    RemoteInstanceInfo = {
        Path = "game:GetService(\"ReplicatedStorage\").RemoteEvents.ReplicateFrozenParticles",
        Name = "ReplicateFrozenParticles",
        ClassName = "RemoteEvent"
    }
}
	-------------------- Generated Code --------------------
	-- This code was generated by Cobalt
-- https://github.com/notpoiu/cobalt

local Event = game:GetService("ReplicatedStorage").RemoteEvents.ReplicateFrozenParticles
Event:FireServer(
    false
)
2026-02-01T08:26:100.682Z,10.394953,Incoming:FlashTemperatureBarRed,INFO Instance: FlashTemperatureBarRed (RemoteEvent)
	Path: game:GetService("ReplicatedStorage").RemoteEvents.FlashTemperatureBarRed
	Call Order In Log: 1
	-------------------- Event Data --------------------
	{
    CallOrderInLog = 1,
    DataFromHook = {
        Function = function(...)
            -- Name: Anonymous Function | Line: 43
            -- Upvalues: 1
            -- Function Hash: b59863074110ef6cd2de5475fedf7c990f74608bb25511ed9dd4242b01c20b1d66d38346deaa396d7bd4df562a909adc
            -- LuaEncode: Unable to serialize function
            return
        end,
        Arguments = {
            n = 0
        },
        Origin = game:GetService("Players").LocalPlayer.PlayerScripts.Client.UtilityModules.Events,
        IsExecutor = false,
        CreationTime = 1769959570.6793
    },
    EventType = "Incoming",
    RemoteInstanceInfo = {
        Path = "game:GetService(\"ReplicatedStorage\").RemoteEvents.FlashTemperatureBarRed",
        Name = "FlashTemperatureBarRed",
        ClassName = "RemoteEvent"
    }
}
	-------------------- Generated Code --------------------
	-- This code was generated by Cobalt
-- https://github.com/notpoiu/cobalt

local Event = game:GetService("ReplicatedStorage").RemoteEvents.FlashTemperatureBarRed
firesignal(Event.OnClientEvent)
2026-02-01T08:26:100.843Z,10.556430,Outgoing:ReplicateFrozenParticles,INFO Instance: ReplicateFrozenParticles (RemoteEvent)
	Path: game:GetService("ReplicatedStorage").RemoteEvents.ReplicateFrozenParticles
	Call Order In Log: 2
	-------------------- Event Data --------------------
	{
    CallOrderInLog = 2,
    DataFromHook = {
        Function = function(arg1, ...)
            -- Name: FireServer | Line: 73
            -- Upvalues: 0
            -- Function Hash: 1b2d4949afd8b607ac99af47c0cdec21e269b700bc232c79b3f29be40caf0ed317939211a160381d98d50756ad4d9a57
            -- LuaEncode: Unable to serialize function
            return
        end,
        Arguments = {
            false,
            n = 1
        },
        Source = "Players.iguddujfkg.PlayerScripts.Client.UtilityModules.Events",
        Origin = game:GetService("Players").LocalPlayer.PlayerScripts.LoadClient,
        IsExecutor = false,
        CreationTime = 1769959570.8368,
        Line = 75
    },
    EventType = "Outgoing",
    RemoteInstanceInfo = {
        Path = "game:GetService(\"ReplicatedStorage\").RemoteEvents.ReplicateFrozenParticles",
        Name = "ReplicateFrozenParticles",
        ClassName = "RemoteEvent"
    }
}
	-------------------- Generated Code --------------------
	-- This code was generated by Cobalt
-- https://github.com/notpoiu/cobalt

local Event = game:GetService("ReplicatedStorage").RemoteEvents.ReplicateFrozenParticles
Event:FireServer(
    false
)
2026-02-01T08:26:110.444Z,11.157141,Outgoing:PlayEnemyHitSound,INFO Instance: PlayEnemyHitSound (RemoteEvent)
	Path: game:GetService("ReplicatedStorage").RemoteEvents.PlayEnemyHitSound
	Call Order In Log: 2
	-------------------- Event Data --------------------
	{
    CallOrderInLog = 2,
    DataFromHook = {
        Function = function(arg1, ...)
            -- Name: FireAllClients | Line: 97
            -- Upvalues: 1
            -- Function Hash: f19ad1fd75b8e83da90012e26252d020d7fbc9767d26e895a9c605c57c35b8fdd14a730ce0adf6fcd7998351b58a1fea
            -- LuaEncode: Unable to serialize function
            return
        end,
        Arguments = {
            "FireAllClients",
            workspace.Items["Snow Chest1"].IceBlock,
            game:GetService("Players").LocalPlayer.Inventory["Strong Axe"],
            n = 3
        },
        Source = "Players.iguddujfkg.PlayerScripts.Client.UtilityModules.Events",
        Origin = game:GetService("Players").LocalPlayer.PlayerScripts.Client.InteractionHandler,
        IsExecutor = false,
        CreationTime = 1769959571.4399,
        Line = 101
    },
    EventType = "Outgoing",
    RemoteInstanceInfo = {
        Path = "game:GetService(\"ReplicatedStorage\").RemoteEvents.PlayEnemyHitSound",
        Name = "PlayEnemyHitSound",
        ClassName = "RemoteEvent"
    }
}
	-------------------- Generated Code --------------------
	-- This code was generated by Cobalt
-- https://github.com/notpoiu/cobalt

local Event = game:GetService("ReplicatedStorage").RemoteEvents.PlayEnemyHitSound
Event:FireServer(
    "FireAllClients",
    workspace.Items["Snow Chest1"].IceBlock,
    game:GetService("Players").LocalPlayer.Inventory["Strong Axe"]
)
2026-02-01T08:26:110.452Z,11.165466,Outgoing:ToolDamageObject,INFO Instance: ToolDamageObject (RemoteFunction)
	Path: game:GetService("ReplicatedStorage").RemoteEvents.ToolDamageObject
	Call Order In Log: 2
	-------------------- Event Data --------------------
	{
    CallOrderInLog = 2,
    DataFromHook = {
        Function = function(arg1, ...)
            -- Name: InvokeServer | Line: 81
            -- Upvalues: 0
            -- Function Hash: 28ccf5f06f59ba459c891ec5d49a7d4cdac18016b0ffaab2d94d092be58c8608b94406d41acb4a0f1e738db424534b8b
            -- LuaEncode: Unable to serialize function
            return
        end,
        Arguments = {
            workspace.Items["Snow Chest1"].IceBlock,
            game:GetService("Players").LocalPlayer.Inventory["Strong Axe"],
            "2_10230880383",
            CFrame.new(-681.93365478516, 2.3168423175812, -33.340572357178, -0.48413947224617, -2.4428977951629e-08, 0.8749908208847, -1.6062386976046e-08, 1, 1.903167579087e-08, -0.8749908208847, -4.8404560359927e-09, -0.48413947224617),
            n = 4
        },
        Source = "Players.iguddujfkg.PlayerScripts.Client.UtilityModules.Events",
        Origin = game:GetService("Players").LocalPlayer.PlayerScripts.Client.InteractionHandler,
        IsExecutor = false,
        CreationTime = 1769959571.4401,
        Line = 83
    },
    EventType = "Outgoing",
    RemoteInstanceInfo = {
        Path = "game:GetService(\"ReplicatedStorage\").RemoteEvents.ToolDamageObject",
        Name = "ToolDamageObject",
        ClassName = "RemoteFunction"
    }
}
	-------------------- Generated Code --------------------
	-- This code was generated by Cobalt
-- https://github.com/notpoiu/cobalt

local Event = game:GetService("ReplicatedStorage").RemoteEvents.ToolDamageObject
Event:InvokeServer(
    workspace.Items["Snow Chest1"].IceBlock,
    game:GetService("Players").LocalPlayer.Inventory["Strong Axe"],
    "2_10230880383",
    CFrame.new(-681.93365478516, 2.3168423175812, -33.340572357178, -0.48413947224617, -2.4428977951629e-08, 0.8749908208847, -1.6062386976046e-08, 1, 1.903167579087e-08, -0.8749908208847, -4.8404560359927e-09, -0.48413947224617)
)
2026-02-01T08:26:110.458Z,11.171199,Outgoing:RequestReplicateSound,INFO Instance: RequestReplicateSound (RemoteEvent)
	Path: game:GetService("ReplicatedStorage").RemoteEvents.RequestReplicateSound
	Call Order In Log: 2
	-------------------- Event Data --------------------
	{
    CallOrderInLog = 2,
    DataFromHook = {
        Function = function(arg1, ...)
            -- Name: FireOtherClients | Line: 89
            -- Upvalues: 0
            -- Function Hash: 2e33b996824b2fa3923c77a5e8d7e0ce572468b10fcae6dbdd067adefca34b8ccf4a463fada516b603dab7564d4427c8
            -- LuaEncode: Unable to serialize function
            return
        end,
        Arguments = {
            "FireAllClients",
            "IceHit",
            {
                Instance = game:GetService("Players").LocalPlayer.Character.Head,
                Volume = 0.4
            },
            n = 3
        },
        Source = "Players.iguddujfkg.PlayerScripts.Client.UtilityModules.Events",
        Origin = game:GetService("Players").LocalPlayer.PlayerScripts.Client.InteractionHandler,
        IsExecutor = false,
        CreationTime = 1769959571.4402,
        Line = 91
    },
    EventType = "Outgoing",
    RemoteInstanceInfo = {
        Path = "game:GetService(\"ReplicatedStorage\").RemoteEvents.RequestReplicateSound",
        Name = "RequestReplicateSound",
        ClassName = "RemoteEvent"
    }
}
	-------------------- Generated Code --------------------
	-- This code was generated by Cobalt
-- https://github.com/notpoiu/cobalt

local Event = game:GetService("ReplicatedStorage").RemoteEvents.RequestReplicateSound
Event:FireServer(
    "FireAllClients",
    "IceHit",
    {
        Instance = game:GetService("Players").LocalPlayer.Character.Head,
        Volume = 0.4
    }
)
2026-02-01T08:26:110.546Z,11.259541,Incoming:ToolDamageObject,INFO Instance: ToolDamageObject (RemoteFunction)
	Path: game:GetService("ReplicatedStorage").RemoteEvents.ToolDamageObject
	Call Order In Log: 2
	-------------------- Event Data --------------------
	{
    CallOrderInLog = 2,
    DataFromHook = {
        Function = function(arg1, ...)
            -- Name: InvokeServer | Line: 81
            -- Upvalues: 0
            -- Function Hash: 28ccf5f06f59ba459c891ec5d49a7d4cdac18016b0ffaab2d94d092be58c8608b94406d41acb4a0f1e738db424534b8b
            -- LuaEncode: Unable to serialize function
            return
        end,
        Arguments = {
            {
                Success = true
            },
            n = 1
        },
        Source = "Players.iguddujfkg.PlayerScripts.Client.UtilityModules.Events",
        Origin = game:GetService("Players").LocalPlayer.PlayerScripts.Client.InteractionHandler,
        IsExecutor = false,
        CreationTime = 1769959571.5353,
        OriginalInvokeArgs = {
            workspace.Items["Snow Chest1"].IceBlock,
            game:GetService("Players").LocalPlayer.Inventory["Strong Axe"],
            "2_10230880383",
            CFrame.new(-681.93365478516, 2.3168423175812, -33.340572357178, -0.48413947224617, -2.4428977951629e-08, 0.8749908208847, -1.6062386976046e-08, 1, 1.903167579087e-08, -0.8749908208847, -4.8404560359927e-09, -0.48413947224617),
            n = 4
        },
        Line = 83
    },
    EventType = "Incoming",
    RemoteInstanceInfo = {
        Path = "game:GetService(\"ReplicatedStorage\").RemoteEvents.ToolDamageObject",
        Name = "ToolDamageObject",
        ClassName = "RemoteFunction"
    }
}
	-------------------- Generated Code --------------------
	-- This code was generated by Cobalt
-- https://github.com/notpoiu/cobalt

local Event = game:GetService("ReplicatedStorage").RemoteEvents.ToolDamageObject
local Result = Event:InvokeServer(
    workspace.Items["Snow Chest1"].IceBlock,
    game:GetService("Players").LocalPlayer.Inventory["Strong Axe"],
    "2_10230880383",
    CFrame.new(-681.93365478516, 2.3168423175812, -33.340572357178, -0.48413947224617, -2.4428977951629e-08, 0.8749908208847, -1.6062386976046e-08, 1, 1.903167579087e-08, -0.8749908208847, -4.8404560359927e-09, -0.48413947224617)
)

local ExpectedResult = table.unpack({
    {
        Success = true
    }
})


2026-02-01T08:26:110.552Z,11.265672,Outgoing:ReplicateFrozenParticles,INFO Instance: ReplicateFrozenParticles (RemoteEvent)
	Path: game:GetService("ReplicatedStorage").RemoteEvents.ReplicateFrozenParticles
	Call Order In Log: 3
	-------------------- Event Data --------------------
	{
    CallOrderInLog = 3,
    DataFromHook = {
        Function = function(arg1, ...)
            -- Name: FireServer | Line: 73
            -- Upvalues: 0
            -- Function Hash: 1b2d4949afd8b607ac99af47c0cdec21e269b700bc232c79b3f29be40caf0ed317939211a160381d98d50756ad4d9a57
            -- LuaEncode: Unable to serialize function
            return
        end,
        Arguments = {
            false,
            n = 1
        },
        Source = "Players.iguddujfkg.PlayerScripts.Client.UtilityModules.Events",
        Origin = game:GetService("Players").LocalPlayer.PlayerScripts.LoadClient,
        IsExecutor = false,
        CreationTime = 1769959571.5364,
        Line = 75
    },
    EventType = "Outgoing",
    RemoteInstanceInfo = {
        Path = "game:GetService(\"ReplicatedStorage\").RemoteEvents.ReplicateFrozenParticles",
        Name = "ReplicateFrozenParticles",
        ClassName = "RemoteEvent"
    }
}
	-------------------- Generated Code --------------------
	-- This code was generated by Cobalt
-- https://github.com/notpoiu/cobalt

local Event = game:GetService("ReplicatedStorage").RemoteEvents.ReplicateFrozenParticles
Event:FireServer(
    false
)
2026-02-01T08:26:110.560Z,11.272881,Incoming:FlashTemperatureBarRed,INFO Instance: FlashTemperatureBarRed (RemoteEvent)
	Path: game:GetService("ReplicatedStorage").RemoteEvents.FlashTemperatureBarRed
	Call Order In Log: 2
	-------------------- Event Data --------------------
	{
    CallOrderInLog = 2,
    DataFromHook = {
        Function = function(...)
            -- Name: Anonymous Function | Line: 43
            -- Upvalues: 1
            -- Function Hash: b59863074110ef6cd2de5475fedf7c990f74608bb25511ed9dd4242b01c20b1d66d38346deaa396d7bd4df562a909adc
            -- LuaEncode: Unable to serialize function
            return
        end,
        Arguments = {
            n = 0
        },
        Origin = game:GetService("Players").LocalPlayer.PlayerScripts.Client.UtilityModules.Events,
        IsExecutor = false,
        CreationTime = 1769959571.5372
    },
    EventType = "Incoming",
    RemoteInstanceInfo = {
        Path = "game:GetService(\"ReplicatedStorage\").RemoteEvents.FlashTemperatureBarRed",
        Name = "FlashTemperatureBarRed",
        ClassName = "RemoteEvent"
    }
}
	-------------------- Generated Code --------------------
	-- This code was generated by Cobalt
-- https://github.com/notpoiu/cobalt

local Event = game:GetService("ReplicatedStorage").RemoteEvents.FlashTemperatureBarRed
firesignal(Event.OnClientEvent)
2026-02-01T08:26:110.853Z,11.566174,Outgoing:ReplicateFrozenParticles,INFO Instance: ReplicateFrozenParticles (RemoteEvent)
	Path: game:GetService("ReplicatedStorage").RemoteEvents.ReplicateFrozenParticles
	Call Order In Log: 4
	-------------------- Event Data --------------------
	{
    CallOrderInLog = 4,
    DataFromHook = {
        Function = function(arg1, ...)
            -- Name: FireServer | Line: 73
            -- Upvalues: 0
            -- Function Hash: 1b2d4949afd8b607ac99af47c0cdec21e269b700bc232c79b3f29be40caf0ed317939211a160381d98d50756ad4d9a57
            -- LuaEncode: Unable to serialize function
            return
        end,
        Arguments = {
            false,
            n = 1
        },
        Source = "Players.iguddujfkg.PlayerScripts.Client.UtilityModules.Events",
        Origin = game:GetService("Players").LocalPlayer.PlayerScripts.LoadClient,
        IsExecutor = false,
        CreationTime = 1769959571.8451,
        Line = 75
    },
    EventType = "Outgoing",
    RemoteInstanceInfo = {
        Path = "game:GetService(\"ReplicatedStorage\").RemoteEvents.ReplicateFrozenParticles",
        Name = "ReplicateFrozenParticles",
        ClassName = "RemoteEvent"
    }
}
	-------------------- Generated Code --------------------
	-- This code was generated by Cobalt
-- https://github.com/notpoiu/cobalt

local Event = game:GetService("ReplicatedStorage").RemoteEvents.ReplicateFrozenParticles
Event:FireServer(
    false
)
2026-02-01T08:26:120.366Z,12.079437,Outgoing:AnalyticsTimeFirstPerson,INFO Instance: AnalyticsTimeFirstPerson (RemoteEvent)
	Path: game:GetService("ReplicatedStorage").RemoteEvents.AnalyticsTimeFirstPerson
	Call Order In Log: 1
	-------------------- Event Data --------------------
	{
    CallOrderInLog = 1,
    DataFromHook = {
        Function = function(arg1, ...)
            -- Name: FireServer | Line: 73
            -- Upvalues: 0
            -- Function Hash: 1b2d4949afd8b607ac99af47c0cdec21e269b700bc232c79b3f29be40caf0ed317939211a160381d98d50756ad4d9a57
            -- LuaEncode: Unable to serialize function
            return
        end,
        Arguments = {
            0,
            60,
            n = 2
        },
        Source = "Players.iguddujfkg.PlayerScripts.Client.UtilityModules.Events",
        Origin = game:GetService("Players").LocalPlayer.PlayerScripts.LoadClient,
        IsExecutor = false,
        CreationTime = 1769959572.3543,
        Line = 75
    },
    EventType = "Outgoing",
    RemoteInstanceInfo = {
        Path = "game:GetService(\"ReplicatedStorage\").RemoteEvents.AnalyticsTimeFirstPerson",
        Name = "AnalyticsTimeFirstPerson",
        ClassName = "RemoteEvent"
    }
}
	-------------------- Generated Code --------------------
	-- This code was generated by Cobalt
-- https://github.com/notpoiu/cobalt

local Event = game:GetService("ReplicatedStorage").RemoteEvents.AnalyticsTimeFirstPerson
Event:FireServer(
    0,
    60
)
2026-02-01T08:26:120.414Z,12.126816,Outgoing:PlayEnemyHitSound,INFO Instance: PlayEnemyHitSound (RemoteEvent)
	Path: game:GetService("ReplicatedStorage").RemoteEvents.PlayEnemyHitSound
	Call Order In Log: 3
	-------------------- Event Data --------------------
	{
    CallOrderInLog = 3,
    DataFromHook = {
        Function = function(arg1, ...)
            -- Name: FireAllClients | Line: 97
            -- Upvalues: 1
            -- Function Hash: f19ad1fd75b8e83da90012e26252d020d7fbc9767d26e895a9c605c57c35b8fdd14a730ce0adf6fcd7998351b58a1fea
            -- LuaEncode: Unable to serialize function
            return
        end,
        Arguments = {
            "FireAllClients",
            workspace.Items["Snow Chest1"].IceBlock,
            game:GetService("Players").LocalPlayer.Inventory["Strong Axe"],
            n = 3
        },
        Source = "Players.iguddujfkg.PlayerScripts.Client.UtilityModules.Events",
        Origin = game:GetService("Players").LocalPlayer.PlayerScripts.Client.InteractionHandler,
        IsExecutor = false,
        CreationTime = 1769959572.396,
        Line = 101
    },
    EventType = "Outgoing",
    RemoteInstanceInfo = {
        Path = "game:GetService(\"ReplicatedStorage\").RemoteEvents.PlayEnemyHitSound",
        Name = "PlayEnemyHitSound",
        ClassName = "RemoteEvent"
    }
}
	-------------------- Generated Code --------------------
	-- This code was generated by Cobalt
-- https://github.com/notpoiu/cobalt

local Event = game:GetService("ReplicatedStorage").RemoteEvents.PlayEnemyHitSound
Event:FireServer(
    "FireAllClients",
    workspace.Items["Snow Chest1"].IceBlock,
    game:GetService("Players").LocalPlayer.Inventory["Strong Axe"]
)
2026-02-01T08:26:120.428Z,12.141162,Outgoing:ToolDamageObject,INFO Instance: ToolDamageObject (RemoteFunction)
	Path: game:GetService("ReplicatedStorage").RemoteEvents.ToolDamageObject
	Call Order In Log: 3
	-------------------- Event Data --------------------
	{
    CallOrderInLog = 3,
    DataFromHook = {
        Function = function(arg1, ...)
            -- Name: InvokeServer | Line: 81
            -- Upvalues: 0
            -- Function Hash: 28ccf5f06f59ba459c891ec5d49a7d4cdac18016b0ffaab2d94d092be58c8608b94406d41acb4a0f1e738db424534b8b
            -- LuaEncode: Unable to serialize function
            return
        end,
        Arguments = {
            workspace.Items["Snow Chest1"].IceBlock,
            game:GetService("Players").LocalPlayer.Inventory["Strong Axe"],
            "3_10230880383",
            CFrame.new(-681.93365478516, 2.3168423175812, -33.340572357178, -0.48413947224617, -7.9561431221009e-08, 0.8749908208847, -5.2312277176725e-08, 1, 6.1983499222151e-08, -0.8749908208847, -1.5764104688287e-08, -0.48413947224617),
            n = 4
        },
        Source = "Players.iguddujfkg.PlayerScripts.Client.UtilityModules.Events",
        Origin = game:GetService("Players").LocalPlayer.PlayerScripts.Client.InteractionHandler,
        IsExecutor = false,
        CreationTime = 1769959572.397,
        Line = 83
    },
    EventType = "Outgoing",
    RemoteInstanceInfo = {
        Path = "game:GetService(\"ReplicatedStorage\").RemoteEvents.ToolDamageObject",
        Name = "ToolDamageObject",
        ClassName = "RemoteFunction"
    }
}
	-------------------- Generated Code --------------------
	-- This code was generated by Cobalt
-- https://github.com/notpoiu/cobalt

local Event = game:GetService("ReplicatedStorage").RemoteEvents.ToolDamageObject
Event:InvokeServer(
    workspace.Items["Snow Chest1"].IceBlock,
    game:GetService("Players").LocalPlayer.Inventory["Strong Axe"],
    "3_10230880383",
    CFrame.new(-681.93365478516, 2.3168423175812, -33.340572357178, -0.48413947224617, -7.9561431221009e-08, 0.8749908208847, -5.2312277176725e-08, 1, 6.1983499222151e-08, -0.8749908208847, -1.5764104688287e-08, -0.48413947224617)
)
2026-02-01T08:26:120.440Z,12.153667,Outgoing:RequestReplicateSound,INFO Instance: RequestReplicateSound (RemoteEvent)
	Path: game:GetService("ReplicatedStorage").RemoteEvents.RequestReplicateSound
	Call Order In Log: 3
	-------------------- Event Data --------------------
	{
    CallOrderInLog = 3,
    DataFromHook = {
        Function = function(arg1, ...)
            -- Name: FireOtherClients | Line: 89
            -- Upvalues: 0
            -- Function Hash: 2e33b996824b2fa3923c77a5e8d7e0ce572468b10fcae6dbdd067adefca34b8ccf4a463fada516b603dab7564d4427c8
            -- LuaEncode: Unable to serialize function
            return
        end,
        Arguments = {
            "FireAllClients",
            "IceBreak",
            {
                Instance = game:GetService("Players").LocalPlayer.Character.Head,
                Volume = 0.4
            },
            n = 3
        },
        Source = "Players.iguddujfkg.PlayerScripts.Client.UtilityModules.Events",
        Origin = game:GetService("Players").LocalPlayer.PlayerScripts.Client.InteractionHandler,
        IsExecutor = false,
        CreationTime = 1769959572.3976,
        Line = 91
    },
    EventType = "Outgoing",
    RemoteInstanceInfo = {
        Path = "game:GetService(\"ReplicatedStorage\").RemoteEvents.RequestReplicateSound",
        Name = "RequestReplicateSound",
        ClassName = "RemoteEvent"
    }
}
	-------------------- Generated Code --------------------
	-- This code was generated by Cobalt
-- https://github.com/notpoiu/cobalt

local Event = game:GetService("ReplicatedStorage").RemoteEvents.RequestReplicateSound
Event:FireServer(
    "FireAllClients",
    "IceBreak",
    {
        Instance = game:GetService("Players").LocalPlayer.Character.Head,
        Volume = 0.4
    }
)
2026-02-01T08:26:120.693Z,12.406003,Incoming:ToolDamageObject,INFO Instance: ToolDamageObject (RemoteFunction)
	Path: game:GetService("ReplicatedStorage").RemoteEvents.ToolDamageObject
	Call Order In Log: 3
	-------------------- Event Data --------------------
	{
    CallOrderInLog = 3,
    DataFromHook = {
        Function = function(arg1, ...)
            -- Name: InvokeServer | Line: 81
            -- Upvalues: 0
            -- Function Hash: 28ccf5f06f59ba459c891ec5d49a7d4cdac18016b0ffaab2d94d092be58c8608b94406d41acb4a0f1e738db424534b8b
            -- LuaEncode: Unable to serialize function
            return
        end,
        Arguments = {
            {
                Success = true
            },
            n = 1
        },
        Source = "Players.iguddujfkg.PlayerScripts.Client.UtilityModules.Events",
        Origin = game:GetService("Players").LocalPlayer.PlayerScripts.Client.InteractionHandler,
        IsExecutor = false,
        CreationTime = 1769959572.6878,
        OriginalInvokeArgs = {
            GetNil("IceBlock", "1_301548"),
            game:GetService("Players").LocalPlayer.Inventory["Strong Axe"],
            "3_10230880383",
            CFrame.new(-681.93365478516, 2.3168423175812, -33.340572357178, -0.48413947224617, -7.9561431221009e-08, 0.8749908208847, -5.2312277176725e-08, 1, 6.1983499222151e-08, -0.8749908208847, -1.5764104688287e-08, -0.48413947224617),
            n = 4
        },
        Line = 83
    },
    EventType = "Incoming",
    RemoteInstanceInfo = {
        Path = "game:GetService(\"ReplicatedStorage\").RemoteEvents.ToolDamageObject",
        Name = "ToolDamageObject",
        ClassName = "RemoteFunction"
    }
}
	-------------------- Generated Code --------------------
	-- This code was generated by Cobalt
-- https://github.com/notpoiu/cobalt

local function GetNil(Name, DebugId)
	for _, Object in getnilinstances() do
		if Object.Name == Name and Object:GetDebugId() == DebugId then
			return Object
		end
	end
end

local Event = game:GetService("ReplicatedStorage").RemoteEvents.ToolDamageObject
local Result = Event:InvokeServer(
    GetNil("IceBlock", "1_301548"),
    game:GetService("Players").LocalPlayer.Inventory["Strong Axe"],
    "3_10230880383",
    CFrame.new(-681.93365478516, 2.3168423175812, -33.340572357178, -0.48413947224617, -7.9561431221009e-08, 0.8749908208847, -5.2312277176725e-08, 1, 6.1983499222151e-08, -0.8749908208847, -1.5764104688287e-08, -0.48413947224617)
)

local ExpectedResult = table.unpack({
    {
        Success = true
    }
})


2026-02-01T08:26:120.702Z,12.415188,Outgoing:ReplicateFrozenParticles,INFO Instance: ReplicateFrozenParticles (RemoteEvent)
	Path: game:GetService("ReplicatedStorage").RemoteEvents.ReplicateFrozenParticles
	Call Order In Log: 5
	-------------------- Event Data --------------------
	{
    CallOrderInLog = 5,
    DataFromHook = {
        Function = function(arg1, ...)
            -- Name: FireServer | Line: 73
            -- Upvalues: 0
            -- Function Hash: 1b2d4949afd8b607ac99af47c0cdec21e269b700bc232c79b3f29be40caf0ed317939211a160381d98d50756ad4d9a57
            -- LuaEncode: Unable to serialize function
            return
        end,
        Arguments = {
            false,
            n = 1
        },
        Source = "Players.iguddujfkg.PlayerScripts.Client.UtilityModules.Events",
        Origin = game:GetService("Players").LocalPlayer.PlayerScripts.LoadClient,
        IsExecutor = false,
        CreationTime = 1769959572.6888,
        Line = 75
    },
    EventType = "Outgoing",
    RemoteInstanceInfo = {
        Path = "game:GetService(\"ReplicatedStorage\").RemoteEvents.ReplicateFrozenParticles",
        Name = "ReplicateFrozenParticles",
        ClassName = "RemoteEvent"
    }
}
	-------------------- Generated Code --------------------
	-- This code was generated by Cobalt
-- https://github.com/notpoiu/cobalt

local Event = game:GetService("ReplicatedStorage").RemoteEvents.ReplicateFrozenParticles
Event:FireServer(
    false
)
2026-02-01T08:26:120.712Z,12.425414,Incoming:FlashTemperatureBarRed,INFO Instance: FlashTemperatureBarRed (RemoteEvent)
	Path: game:GetService("ReplicatedStorage").RemoteEvents.FlashTemperatureBarRed
	Call Order In Log: 3
	-------------------- Event Data --------------------
	{
    CallOrderInLog = 3,
    DataFromHook = {
        Function = function(...)
            -- Name: Anonymous Function | Line: 43
            -- Upvalues: 1
            -- Function Hash: b59863074110ef6cd2de5475fedf7c990f74608bb25511ed9dd4242b01c20b1d66d38346deaa396d7bd4df562a909adc
            -- LuaEncode: Unable to serialize function
            return
        end,
        Arguments = {
            n = 0
        },
        Origin = game:GetService("Players").LocalPlayer.PlayerScripts.Client.UtilityModules.Events,
        IsExecutor = false,
        CreationTime = 1769959572.6892
    },
    EventType = "Incoming",
    RemoteInstanceInfo = {
        Path = "game:GetService(\"ReplicatedStorage\").RemoteEvents.FlashTemperatureBarRed",
        Name = "FlashTemperatureBarRed",
        ClassName = "RemoteEvent"
    }
}
	-------------------- Generated Code --------------------
	-- This code was generated by Cobalt
-- https://github.com/notpoiu/cobalt

local Event = game:GetService("ReplicatedStorage").RemoteEvents.FlashTemperatureBarRed
firesignal(Event.OnClientEvent)
2026-02-01T08:26:130.898Z,12.610880,Outgoing:ReplicateFrozenParticles,INFO Instance: ReplicateFrozenParticles (RemoteEvent)
	Path: game:GetService("ReplicatedStorage").RemoteEvents.ReplicateFrozenParticles
	Call Order In Log: 6
	-------------------- Event Data --------------------
	{
    CallOrderInLog = 6,
    DataFromHook = {
        Function = function(arg1, ...)
            -- Name: FireServer | Line: 73
            -- Upvalues: 0
            -- Function Hash: 1b2d4949afd8b607ac99af47c0cdec21e269b700bc232c79b3f29be40caf0ed317939211a160381d98d50756ad4d9a57
            -- LuaEncode: Unable to serialize function
            return
        end,
        Arguments = {
            false,
            n = 1
        },
        Source = "Players.iguddujfkg.PlayerScripts.Client.UtilityModules.Events",
        Origin = game:GetService("Players").LocalPlayer.PlayerScripts.LoadClient,
        IsExecutor = false,
        CreationTime = 1769959572.8923,
        Line = 75
    },
    EventType = "Outgoing",
    RemoteInstanceInfo = {
        Path = "game:GetService(\"ReplicatedStorage\").RemoteEvents.ReplicateFrozenParticles",
        Name = "ReplicateFrozenParticles",
        ClassName = "RemoteEvent"
    }
}
	-------------------- Generated Code --------------------
	-- This code was generated by Cobalt
-- https://github.com/notpoiu/cobalt

local Event = game:GetService("ReplicatedStorage").RemoteEvents.ReplicateFrozenParticles
Event:FireServer(
    false
)
2026-02-01T08:26:130.907Z,12.620617,Incoming:DestroyObject,INFO Instance: DestroyObject (RemoteEvent)
	Path: game:GetService("ReplicatedStorage").RemoteEvents.DestroyObject
	Call Order In Log: 1
	-------------------- Event Data --------------------
	{
    CallOrderInLog = 1,
    DataFromHook = {
        Function = function(...)
            -- Name: Anonymous Function | Line: 43
            -- Upvalues: 1
            -- Function Hash: b59863074110ef6cd2de5475fedf7c990f74608bb25511ed9dd4242b01c20b1d66d38346deaa396d7bd4df562a909adc
            -- LuaEncode: Unable to serialize function
            return
        end,
        Arguments = {
            GetNil("IceBlock", "1_301548"),
            CFrame.new(-681.93365478516, 2.3168423175812, -33.340572357178, -0.48412489891052, 0, 0.87499898672104, 0, 1, 0, -0.87499898672104, 0, -0.48412489891052),
            n = 2
        },
        Origin = game:GetService("Players").LocalPlayer.PlayerScripts.Client.UtilityModules.Events,
        IsExecutor = false,
        CreationTime = 1769959572.8933
    },
    EventType = "Incoming",
    RemoteInstanceInfo = {
        Path = "game:GetService(\"ReplicatedStorage\").RemoteEvents.DestroyObject",
        Name = "DestroyObject",
        ClassName = "RemoteEvent"
    }
}
	-------------------- Generated Code --------------------
	-- This code was generated by Cobalt
-- https://github.com/notpoiu/cobalt

local function GetNil(Name, DebugId)
	for _, Object in getnilinstances() do
		if Object.Name == Name and Object:GetDebugId() == DebugId then
			return Object
		end
	end
end

local Event = game:GetService("ReplicatedStorage").RemoteEvents.DestroyObject
firesignal(Event.OnClientEvent, 
    GetNil("IceBlock", "1_301548"),
    CFrame.new(-681.93365478516, 2.3168423175812, -33.340572357178, -0.48412489891052, 0, 0.87499898672104, 0, 1, 0, -0.87499898672104, 0, -0.48412489891052)
)
2026-02-01T08:26:160.091Z,15.804127,Outgoing:UnequipItemHandle,INFO Instance: UnequipItemHandle (RemoteEvent)
	Path: game:GetService("ReplicatedStorage").RemoteEvents.UnequipItemHandle
	Call Order In Log: 1
	-------------------- Event Data --------------------
	{
    CallOrderInLog = 1,
    DataFromHook = {
        Function = function(arg1, ...)
            -- Name: FireAllClients | Line: 97
            -- Upvalues: 1
            -- Function Hash: f19ad1fd75b8e83da90012e26252d020d7fbc9767d26e895a9c605c57c35b8fdd14a730ce0adf6fcd7998351b58a1fea
            -- LuaEncode: Unable to serialize function
            return
        end,
        Arguments = {
            "FireAllClients",
            game:GetService("Players").LocalPlayer.Inventory["Strong Axe"],
            n = 2
        },
        Source = "Players.iguddujfkg.PlayerScripts.Client.UtilityModules.Events",
        Origin = game:GetService("Players").LocalPlayer.PlayerScripts.LoadClient,
        IsExecutor = false,
        CreationTime = 1769959576.0836,
        Line = 101
    },
    EventType = "Outgoing",
    RemoteInstanceInfo = {
        Path = "game:GetService(\"ReplicatedStorage\").RemoteEvents.UnequipItemHandle",
        Name = "UnequipItemHandle",
        ClassName = "RemoteEvent"
    }
}
	-------------------- Generated Code --------------------
	-- This code was generated by Cobalt
-- https://github.com/notpoiu/cobalt

local Event = game:GetService("ReplicatedStorage").RemoteEvents.UnequipItemHandle
Event:FireServer(
    "FireAllClients",
    game:GetService("Players").LocalPlayer.Inventory["Strong Axe"]
)
2026-02-01T08:26:230.150Z,22.863160,Outgoing:RequestOpenItemChest,INFO Instance: RequestOpenItemChest (RemoteEvent)
	Path: game:GetService("ReplicatedStorage").RemoteEvents.RequestOpenItemChest
	Call Order In Log: 1
	-------------------- Event Data --------------------
	{
    CallOrderInLog = 1,
    DataFromHook = {
        Function = function(arg1, ...)
            -- Name: FireServer | Line: 73
            -- Upvalues: 0
            -- Function Hash: 1b2d4949afd8b607ac99af47c0cdec21e269b700bc232c79b3f29be40caf0ed317939211a160381d98d50756ad4d9a57
            -- LuaEncode: Unable to serialize function
            return
        end,
        Arguments = {
            workspace.Items["Snow Chest1"],
            n = 1
        },
        Source = "Players.iguddujfkg.PlayerScripts.Client.UtilityModules.Events",
        Origin = game:GetService("Players").LocalPlayer.PlayerScripts.LoadClient,
        IsExecutor = false,
        CreationTime = 1769959583.1411,
        Line = 75
    },
    EventType = "Outgoing",
    RemoteInstanceInfo = {
        Path = "game:GetService(\"ReplicatedStorage\").RemoteEvents.RequestOpenItemChest",
        Name = "RequestOpenItemChest",
        ClassName = "RemoteEvent"
    }
}
	-------------------- Generated Code --------------------
	-- This code was generated by Cobalt
-- https://github.com/notpoiu/cobalt

local Event = game:GetService("ReplicatedStorage").RemoteEvents.RequestOpenItemChest
Event:FireServer(
    workspace.Items["Snow Chest1"]
)
2026-02-01T08:26:280.963Z,27.676200,Outgoing:PlayerSprinting,INFO Instance: PlayerSprinting (RemoteEvent)
	Path: game:GetService("ReplicatedStorage").RemoteEvents.PlayerSprinting
	Call Order In Log: 1
	-------------------- Event Data --------------------
	{
    CallOrderInLog = 1,
    DataFromHook = {
        Function = function(arg1, ...)
            -- Name: FireServer | Line: 73
            -- Upvalues: 0
            -- Function Hash: 1b2d4949afd8b607ac99af47c0cdec21e269b700bc232c79b3f29be40caf0ed317939211a160381d98d50756ad4d9a57
            -- LuaEncode: Unable to serialize function
            return
        end,
        Arguments = {
            true,
            n = 1
        },
        Source = "Players.iguddujfkg.PlayerScripts.Client.UtilityModules.Events",
        Origin = game:GetService("Players").LocalPlayer.PlayerScripts.LoadClient,
        IsExecutor = false,
        CreationTime = 1769959587.9556,
        Line = 75
    },
    EventType = "Outgoing",
    RemoteInstanceInfo = {
        Path = "game:GetService(\"ReplicatedStorage\").RemoteEvents.PlayerSprinting",
        Name = "PlayerSprinting",
        ClassName = "RemoteEvent"
    }
}
	-------------------- Generated Code --------------------
	-- This code was generated by Cobalt
-- https://github.com/notpoiu/cobalt

local Event = game:GetService("ReplicatedStorage").RemoteEvents.PlayerSprinting
Event:FireServer(
    true
)
2026-02-01T08:26:280.103Z,27.815845,Outgoing:PlayerSprinting,INFO Instance: PlayerSprinting (RemoteEvent)
	Path: game:GetService("ReplicatedStorage").RemoteEvents.PlayerSprinting
	Call Order In Log: 2
	-------------------- Event Data --------------------
	{
    CallOrderInLog = 2,
    DataFromHook = {
        Function = function(arg1, ...)
            -- Name: FireServer | Line: 73
            -- Upvalues: 0
            -- Function Hash: 1b2d4949afd8b607ac99af47c0cdec21e269b700bc232c79b3f29be40caf0ed317939211a160381d98d50756ad4d9a57
            -- LuaEncode: Unable to serialize function
            return
        end,
        Arguments = {
            false,
            n = 1
        },
        Source = "Players.iguddujfkg.PlayerScripts.Client.UtilityModules.Events",
        Origin = game:GetService("Players").LocalPlayer.PlayerScripts.LoadClient,
        IsExecutor = false,
        CreationTime = 1769959588.0974,
        Line = 75
    },
    EventType = "Outgoing",
    RemoteInstanceInfo = {
        Path = "game:GetService(\"ReplicatedStorage\").RemoteEvents.PlayerSprinting",
        Name = "PlayerSprinting",
        ClassName = "RemoteEvent"
    }
}
	-------------------- Generated Code --------------------
	-- This code was generated by Cobalt
-- https://github.com/notpoiu/cobalt

local Event = game:GetService("ReplicatedStorage").RemoteEvents.PlayerSprinting
Event:FireServer(
    false
)
2026-02-01T08:26:340.937Z,33.650512,Outgoing:PlayerSprinting,INFO Instance: PlayerSprinting (RemoteEvent)
	Path: game:GetService("ReplicatedStorage").RemoteEvents.PlayerSprinting
	Call Order In Log: 3
	-------------------- Event Data --------------------
	{
    CallOrderInLog = 3,
    DataFromHook = {
        Function = function(arg1, ...)
            -- Name: FireServer | Line: 73
            -- Upvalues: 0
            -- Function Hash: 1b2d4949afd8b607ac99af47c0cdec21e269b700bc232c79b3f29be40caf0ed317939211a160381d98d50756ad4d9a57
            -- LuaEncode: Unable to serialize function
            return
        end,
        Arguments = {
            true,
            n = 1
        },
        Source = "Players.iguddujfkg.PlayerScripts.Client.UtilityModules.Events",
        Origin = game:GetService("Players").LocalPlayer.PlayerScripts.LoadClient,
        IsExecutor = false,
        CreationTime = 1769959593.9299,
        Line = 75
    },
    EventType = "Outgoing",
    RemoteInstanceInfo = {
        Path = "game:GetService(\"ReplicatedStorage\").RemoteEvents.PlayerSprinting",
        Name = "PlayerSprinting",
        ClassName = "RemoteEvent"
    }
}
	-------------------- Generated Code --------------------
	-- This code was generated by Cobalt
-- https://github.com/notpoiu/cobalt

local Event = game:GetService("ReplicatedStorage").RemoteEvents.PlayerSprinting
Event:FireServer(
    true
)
2026-02-01T08:26:340.107Z,33.820519,Outgoing:PlayerSprinting,INFO Instance: PlayerSprinting (RemoteEvent)
	Path: game:GetService("ReplicatedStorage").RemoteEvents.PlayerSprinting
	Call Order In Log: 4
	-------------------- Event Data --------------------
	{
    CallOrderInLog = 4,
    DataFromHook = {
        Function = function(arg1, ...)
            -- Name: FireServer | Line: 73
            -- Upvalues: 0
            -- Function Hash: 1b2d4949afd8b607ac99af47c0cdec21e269b700bc232c79b3f29be40caf0ed317939211a160381d98d50756ad4d9a57
            -- LuaEncode: Unable to serialize function
            return
        end,
        Arguments = {
            false,
            n = 1
        },
        Source = "Players.iguddujfkg.PlayerScripts.Client.UtilityModules.Events",
        Origin = game:GetService("Players").LocalPlayer.PlayerScripts.LoadClient,
        IsExecutor = false,
        CreationTime = 1769959594.1015,
        Line = 75
    },
    EventType = "Outgoing",
    RemoteInstanceInfo = {
        Path = "game:GetService(\"ReplicatedStorage\").RemoteEvents.PlayerSprinting",
        Name = "PlayerSprinting",
        ClassName = "RemoteEvent"
    }
}
	-------------------- Generated Code --------------------
	-- This code was generated by Cobalt
-- https://github.com/notpoiu/cobalt

local Event = game:GetService("ReplicatedStorage").RemoteEvents.PlayerSprinting
Event:FireServer(
    false
)
2026-02-01T08:26:340.741Z,34.454682,Outgoing:PlayerSprinting,INFO Instance: PlayerSprinting (RemoteEvent)
	Path: game:GetService("ReplicatedStorage").RemoteEvents.PlayerSprinting
	Call Order In Log: 5
	-------------------- Event Data --------------------
	{
    CallOrderInLog = 5,
    DataFromHook = {
        Function = function(arg1, ...)
            -- Name: FireServer | Line: 73
            -- Upvalues: 0
            -- Function Hash: 1b2d4949afd8b607ac99af47c0cdec21e269b700bc232c79b3f29be40caf0ed317939211a160381d98d50756ad4d9a57
            -- LuaEncode: Unable to serialize function
            return
        end,
        Arguments = {
            true,
            n = 1
        },
        Source = "Players.iguddujfkg.PlayerScripts.Client.UtilityModules.Events",
        Origin = game:GetService("Players").LocalPlayer.PlayerScripts.LoadClient,
        IsExecutor = false,
        CreationTime = 1769959594.7353,
        Line = 75
    },
    EventType = "Outgoing",
    RemoteInstanceInfo = {
        Path = "game:GetService(\"ReplicatedStorage\").RemoteEvents.PlayerSprinting",
        Name = "PlayerSprinting",
        ClassName = "RemoteEvent"
    }
}
	-------------------- Generated Code --------------------
	-- This code was generated by Cobalt
-- https://github.com/notpoiu/cobalt

local Event = game:GetService("ReplicatedStorage").RemoteEvents.PlayerSprinting
Event:FireServer(
    true
)
2026-02-01T08:26:350.197Z,34.909844,Outgoing:PlayerSprinting,INFO Instance: PlayerSprinting (RemoteEvent)
	Path: game:GetService("ReplicatedStorage").RemoteEvents.PlayerSprinting
	Call Order In Log: 6
	-------------------- Event Data --------------------
	{
    CallOrderInLog = 6,
    DataFromHook = {
        Function = function(arg1, ...)
            -- Name: FireServer | Line: 73
            -- Upvalues: 0
            -- Function Hash: 1b2d4949afd8b607ac99af47c0cdec21e269b700bc232c79b3f29be40caf0ed317939211a160381d98d50756ad4d9a57
            -- LuaEncode: Unable to serialize function
            return
        end,
        Arguments = {
            false,
            n = 1
        },
        Source = "Players.iguddujfkg.PlayerScripts.Client.UtilityModules.Events",
        Origin = game:GetService("Players").LocalPlayer.PlayerScripts.LoadClient,
        IsExecutor = false,
        CreationTime = 1769959595.1903,
        Line = 75
    },
    EventType = "Outgoing",
    RemoteInstanceInfo = {
        Path = "game:GetService(\"ReplicatedStorage\").RemoteEvents.PlayerSprinting",
        Name = "PlayerSprinting",
        ClassName = "RemoteEvent"
    }
}
	-------------------- Generated Code --------------------
	-- This code was generated by Cobalt
-- https://github.com/notpoiu/cobalt

local Event = game:GetService("ReplicatedStorage").RemoteEvents.PlayerSprinting
Event:FireServer(
    false
)
2026-02-01T08:26:360.582Z,36.294737,Outgoing:RequestReplicateSound,INFO Instance: RequestReplicateSound (RemoteEvent)
	Path: game:GetService("ReplicatedStorage").RemoteEvents.RequestReplicateSound
	Call Order In Log: 4
	-------------------- Event Data --------------------
	{
    CallOrderInLog = 4,
    DataFromHook = {
        Function = function(arg1, ...)
            -- Name: FireOtherClients | Line: 89
            -- Upvalues: 0
            -- Function Hash: 2e33b996824b2fa3923c77a5e8d7e0ce572468b10fcae6dbdd067adefca34b8ccf4a463fada516b603dab7564d4427c8
            -- LuaEncode: Unable to serialize function
            return
        end,
        Arguments = {
            "FireAllClients",
            "DoorToggle",
            {
                Instance = workspace.Map.Landmarks["Small Cabin1"].Building.Closet.ClosetDoors.DoorLeft.Main,
                Volume = 0.3
            },
            n = 3
        },
        Source = "Players.iguddujfkg.PlayerScripts.Client.UtilityModules.Events",
        Origin = game:GetService("Players").LocalPlayer.PlayerScripts.LoadClient,
        IsExecutor = false,
        CreationTime = 1769959596.578,
        Line = 91
    },
    EventType = "Outgoing",
    RemoteInstanceInfo = {
        Path = "game:GetService(\"ReplicatedStorage\").RemoteEvents.RequestReplicateSound",
        Name = "RequestReplicateSound",
        ClassName = "RemoteEvent"
    }
}
	-------------------- Generated Code --------------------
	-- This code was generated by Cobalt
-- https://github.com/notpoiu/cobalt

local Event = game:GetService("ReplicatedStorage").RemoteEvents.RequestReplicateSound
Event:FireServer(
    "FireAllClients",
    "DoorToggle",
    {
        Instance = workspace.Map.Landmarks["Small Cabin1"].Building.Closet.ClosetDoors.DoorLeft.Main,
        Volume = 0.3
    }
)
2026-02-01T08:26:360.592Z,36.305071,Outgoing:ToggleDoor,INFO Instance: ToggleDoor (RemoteEvent)
	Path: game:GetService("ReplicatedStorage").RemoteEvents.ToggleDoor
	Call Order In Log: 1
	-------------------- Event Data --------------------
	{
    CallOrderInLog = 1,
    DataFromHook = {
        Function = function(arg1, ...)
            -- Name: FireAllClients | Line: 97
            -- Upvalues: 1
            -- Function Hash: f19ad1fd75b8e83da90012e26252d020d7fbc9767d26e895a9c605c57c35b8fdd14a730ce0adf6fcd7998351b58a1fea
            -- LuaEncode: Unable to serialize function
            return
        end,
        Arguments = {
            "FireAllClients",
            workspace.Map.Landmarks["Small Cabin1"].Building.Closet.ClosetDoors,
            true,
            n = 3
        },
        Source = "Players.iguddujfkg.PlayerScripts.Client.UtilityModules.Events",
        Origin = game:GetService("Players").LocalPlayer.PlayerScripts.LoadClient,
        IsExecutor = false,
        CreationTime = 1769959596.5783,
        Line = 101
    },
    EventType = "Outgoing",
    RemoteInstanceInfo = {
        Path = "game:GetService(\"ReplicatedStorage\").RemoteEvents.ToggleDoor",
        Name = "ToggleDoor",
        ClassName = "RemoteEvent"
    }
}
	-------------------- Generated Code --------------------
	-- This code was generated by Cobalt
-- https://github.com/notpoiu/cobalt

local Event = game:GetService("ReplicatedStorage").RemoteEvents.ToggleDoor
Event:FireServer(
    "FireAllClients",
    workspace.Map.Landmarks["Small Cabin1"].Building.Closet.ClosetDoors,
    true
)
2026-02-01T08:26:460.624Z,46.337553,Outgoing:PlayerSprinting,INFO Instance: PlayerSprinting (RemoteEvent)
	Path: game:GetService("ReplicatedStorage").RemoteEvents.PlayerSprinting
	Call Order In Log: 7
	-------------------- Event Data --------------------
	{
    CallOrderInLog = 7,
    DataFromHook = {
        Function = function(arg1, ...)
            -- Name: FireServer | Line: 73
            -- Upvalues: 0
            -- Function Hash: 1b2d4949afd8b607ac99af47c0cdec21e269b700bc232c79b3f29be40caf0ed317939211a160381d98d50756ad4d9a57
            -- LuaEncode: Unable to serialize function
            return
        end,
        Arguments = {
            true,
            n = 1
        },
        Source = "Players.iguddujfkg.PlayerScripts.Client.UtilityModules.Events",
        Origin = game:GetService("Players").LocalPlayer.PlayerScripts.LoadClient,
        IsExecutor = false,
        CreationTime = 1769959606.622,
        Line = 75
    },
    EventType = "Outgoing",
    RemoteInstanceInfo = {
        Path = "game:GetService(\"ReplicatedStorage\").RemoteEvents.PlayerSprinting",
        Name = "PlayerSprinting",
        ClassName = "RemoteEvent"
    }
}
	-------------------- Generated Code --------------------
	-- This code was generated by Cobalt
-- https://github.com/notpoiu/cobalt

local Event = game:GetService("ReplicatedStorage").RemoteEvents.PlayerSprinting
Event:FireServer(
    true
)
2026-02-01T08:26:470.925Z,46.638259,Outgoing:PlayerSprinting,INFO Instance: PlayerSprinting (RemoteEvent)
	Path: game:GetService("ReplicatedStorage").RemoteEvents.PlayerSprinting
	Call Order In Log: 8
	-------------------- Event Data --------------------
	{
    CallOrderInLog = 8,
    DataFromHook = {
        Function = function(arg1, ...)
            -- Name: FireServer | Line: 73
            -- Upvalues: 0
            -- Function Hash: 1b2d4949afd8b607ac99af47c0cdec21e269b700bc232c79b3f29be40caf0ed317939211a160381d98d50756ad4d9a57
            -- LuaEncode: Unable to serialize function
            return
        end,
        Arguments = {
            false,
            n = 1
        },
        Source = "Players.iguddujfkg.PlayerScripts.Client.UtilityModules.Events",
        Origin = game:GetService("Players").LocalPlayer.PlayerScripts.LoadClient,
        IsExecutor = false,
        CreationTime = 1769959606.9205,
        Line = 75
    },
    EventType = "Outgoing",
    RemoteInstanceInfo = {
        Path = "game:GetService(\"ReplicatedStorage\").RemoteEvents.PlayerSprinting",
        Name = "PlayerSprinting",
        ClassName = "RemoteEvent"
    }
}
	-------------------- Generated Code --------------------
	-- This code was generated by Cobalt
-- https://github.com/notpoiu/cobalt

local Event = game:GetService("ReplicatedStorage").RemoteEvents.PlayerSprinting
Event:FireServer(
    false
)
